<?xml version="1.0" encoding="UTF-8"?>
<testsuite xmlns:xsi="http://www.w3.org/2001/XMLSchema-instance" xsi:noNamespaceSchemaLocation="https://maven.apache.org/surefire/maven-surefire-plugin/xsd/surefire-test-report.xsd" name="com.adactin.runner.Runner" time="20.243" tests="42" errors="9" skipped="15" failures="0">
  <properties>
    <property name="sun.desktop" value="windows"/>
    <property name="awt.toolkit" value="sun.awt.windows.WToolkit"/>
    <property name="file.encoding.pkg" value="sun.io"/>
    <property name="java.specification.version" value="1.8"/>
    <property name="sun.cpu.isalist" value="amd64"/>
    <property name="sun.jnu.encoding" value="Cp1252"/>
    <property name="java.class.path" value="C:\Eclipse\Demo\Adactin_Fasttrack\target\test-classes;C:\Eclipse\Demo\Adactin_Fasttrack\target\classes;C:\Users\Itachi_Uchiha\.m2\repository\junit\junit\4.12\junit-4.12.jar;C:\Users\Itachi_Uchiha\.m2\repository\org\hamcrest\hamcrest-core\1.3\hamcrest-core-1.3.jar;C:\Users\Itachi_Uchiha\.m2\repository\org\seleniumhq\selenium\selenium-java\3.141.59\selenium-java-3.141.59.jar;C:\Users\Itachi_Uchiha\.m2\repository\org\seleniumhq\selenium\selenium-api\3.141.59\selenium-api-3.141.59.jar;C:\Users\Itachi_Uchiha\.m2\repository\org\seleniumhq\selenium\selenium-chrome-driver\3.141.59\selenium-chrome-driver-3.141.59.jar;C:\Users\Itachi_Uchiha\.m2\repository\org\seleniumhq\selenium\selenium-edge-driver\3.141.59\selenium-edge-driver-3.141.59.jar;C:\Users\Itachi_Uchiha\.m2\repository\org\seleniumhq\selenium\selenium-firefox-driver\3.141.59\selenium-firefox-driver-3.141.59.jar;C:\Users\Itachi_Uchiha\.m2\repository\org\seleniumhq\selenium\selenium-ie-driver\3.141.59\selenium-ie-driver-3.141.59.jar;C:\Users\Itachi_Uchiha\.m2\repository\org\seleniumhq\selenium\selenium-opera-driver\3.141.59\selenium-opera-driver-3.141.59.jar;C:\Users\Itachi_Uchiha\.m2\repository\org\seleniumhq\selenium\selenium-remote-driver\3.141.59\selenium-remote-driver-3.141.59.jar;C:\Users\Itachi_Uchiha\.m2\repository\org\seleniumhq\selenium\selenium-safari-driver\3.141.59\selenium-safari-driver-3.141.59.jar;C:\Users\Itachi_Uchiha\.m2\repository\org\seleniumhq\selenium\selenium-support\3.141.59\selenium-support-3.141.59.jar;C:\Users\Itachi_Uchiha\.m2\repository\net\bytebuddy\byte-buddy\1.8.15\byte-buddy-1.8.15.jar;C:\Users\Itachi_Uchiha\.m2\repository\org\apache\commons\commons-exec\1.3\commons-exec-1.3.jar;C:\Users\Itachi_Uchiha\.m2\repository\com\google\guava\guava\25.0-jre\guava-25.0-jre.jar;C:\Users\Itachi_Uchiha\.m2\repository\com\google\code\findbugs\jsr305\1.3.9\jsr305-1.3.9.jar;C:\Users\Itachi_Uchiha\.m2\repository\org\checkerframework\checker-compat-qual\2.0.0\checker-compat-qual-2.0.0.jar;C:\Users\Itachi_Uchiha\.m2\repository\com\google\errorprone\error_prone_annotations\2.1.3\error_prone_annotations-2.1.3.jar;C:\Users\Itachi_Uchiha\.m2\repository\com\google\j2objc\j2objc-annotations\1.1\j2objc-annotations-1.1.jar;C:\Users\Itachi_Uchiha\.m2\repository\org\codehaus\mojo\animal-sniffer-annotations\1.14\animal-sniffer-annotations-1.14.jar;C:\Users\Itachi_Uchiha\.m2\repository\com\squareup\okhttp3\okhttp\3.11.0\okhttp-3.11.0.jar;C:\Users\Itachi_Uchiha\.m2\repository\com\squareup\okio\okio\1.14.0\okio-1.14.0.jar;C:\Users\Itachi_Uchiha\.m2\repository\commons-io\commons-io\2.8.0\commons-io-2.8.0.jar;C:\Users\Itachi_Uchiha\.m2\repository\info\cukes\cucumber-junit\1.2.5\cucumber-junit-1.2.5.jar;C:\Users\Itachi_Uchiha\.m2\repository\info\cukes\cucumber-java\1.2.5\cucumber-java-1.2.5.jar;C:\Users\Itachi_Uchiha\.m2\repository\info\cukes\cucumber-core\1.2.5\cucumber-core-1.2.5.jar;C:\Users\Itachi_Uchiha\.m2\repository\info\cukes\cucumber-html\0.2.3\cucumber-html-0.2.3.jar;C:\Users\Itachi_Uchiha\.m2\repository\info\cukes\cucumber-jvm-deps\1.0.5\cucumber-jvm-deps-1.0.5.jar;C:\Users\Itachi_Uchiha\.m2\repository\info\cukes\gherkin\2.12.2\gherkin-2.12.2.jar;C:\Users\Itachi_Uchiha\.m2\repository\com\vimalselvam\cucumber-extentsreport\3.0.2\cucumber-extentsreport-3.0.2.jar;C:\Users\Itachi_Uchiha\.m2\repository\com\aventstack\extentreports\3.1.2\extentreports-3.1.2.jar;C:\Users\Itachi_Uchiha\.m2\repository\org\freemarker\freemarker\2.3.23\freemarker-2.3.23.jar;C:\Users\Itachi_Uchiha\.m2\repository\org\mongodb\mongodb-driver\3.3.0\mongodb-driver-3.3.0.jar;C:\Users\Itachi_Uchiha\.m2\repository\org\mongodb\bson\3.3.0\bson-3.3.0.jar;C:\Users\Itachi_Uchiha\.m2\repository\org\mongodb\mongodb-driver-core\3.3.0\mongodb-driver-core-3.3.0.jar;C:\Users\Itachi_Uchiha\.m2\repository\org\apache\httpcomponents\httpclient\4.5.2\httpclient-4.5.2.jar;C:\Users\Itachi_Uchiha\.m2\repository\org\apache\httpcomponents\httpcore\4.4.4\httpcore-4.4.4.jar;C:\Users\Itachi_Uchiha\.m2\repository\commons-logging\commons-logging\1.2\commons-logging-1.2.jar;C:\Users\Itachi_Uchiha\.m2\repository\commons-codec\commons-codec\1.9\commons-codec-1.9.jar;C:\Users\Itachi_Uchiha\.m2\repository\org\apache\httpcomponents\httpmime\4.5.2\httpmime-4.5.2.jar;C:\Users\Itachi_Uchiha\.m2\repository\org\jsoup\jsoup\1.9.2\jsoup-1.9.2.jar;C:\Users\Itachi_Uchiha\.m2\repository\com\google\code\gson\gson\2.8.0\gson-2.8.0.jar;"/>
    <property name="java.vm.vendor" value="Oracle Corporation"/>
    <property name="sun.arch.data.model" value="64"/>
    <property name="user.variant" value=""/>
    <property name="java.vendor.url" value="http://java.oracle.com/"/>
    <property name="user.timezone" value="Asia/Calcutta"/>
    <property name="java.vm.specification.version" value="1.8"/>
    <property name="os.name" value="Windows 10"/>
    <property name="user.country" value="US"/>
    <property name="sun.java.launcher" value="SUN_STANDARD"/>
    <property name="sun.boot.library.path" value="C:\Program Files\Java\jre1.8.0_231\bin"/>
    <property name="sun.java.command" value="C:\Users\ITACHI~1\AppData\Local\Temp\surefire1262395460836835445\surefirebooter3417827902952791981.jar C:\Users\Itachi_Uchiha\AppData\Local\Temp\surefire1262395460836835445 2021-06-19T08-54-09_823-jvmRun1 surefire7437774668414507956tmp surefire_01291183283677491884tmp"/>
    <property name="surefire.test.class.path" value="C:\Eclipse\Demo\Adactin_Fasttrack\target\test-classes;C:\Eclipse\Demo\Adactin_Fasttrack\target\classes;C:\Users\Itachi_Uchiha\.m2\repository\junit\junit\4.12\junit-4.12.jar;C:\Users\Itachi_Uchiha\.m2\repository\org\hamcrest\hamcrest-core\1.3\hamcrest-core-1.3.jar;C:\Users\Itachi_Uchiha\.m2\repository\org\seleniumhq\selenium\selenium-java\3.141.59\selenium-java-3.141.59.jar;C:\Users\Itachi_Uchiha\.m2\repository\org\seleniumhq\selenium\selenium-api\3.141.59\selenium-api-3.141.59.jar;C:\Users\Itachi_Uchiha\.m2\repository\org\seleniumhq\selenium\selenium-chrome-driver\3.141.59\selenium-chrome-driver-3.141.59.jar;C:\Users\Itachi_Uchiha\.m2\repository\org\seleniumhq\selenium\selenium-edge-driver\3.141.59\selenium-edge-driver-3.141.59.jar;C:\Users\Itachi_Uchiha\.m2\repository\org\seleniumhq\selenium\selenium-firefox-driver\3.141.59\selenium-firefox-driver-3.141.59.jar;C:\Users\Itachi_Uchiha\.m2\repository\org\seleniumhq\selenium\selenium-ie-driver\3.141.59\selenium-ie-driver-3.141.59.jar;C:\Users\Itachi_Uchiha\.m2\repository\org\seleniumhq\selenium\selenium-opera-driver\3.141.59\selenium-opera-driver-3.141.59.jar;C:\Users\Itachi_Uchiha\.m2\repository\org\seleniumhq\selenium\selenium-remote-driver\3.141.59\selenium-remote-driver-3.141.59.jar;C:\Users\Itachi_Uchiha\.m2\repository\org\seleniumhq\selenium\selenium-safari-driver\3.141.59\selenium-safari-driver-3.141.59.jar;C:\Users\Itachi_Uchiha\.m2\repository\org\seleniumhq\selenium\selenium-support\3.141.59\selenium-support-3.141.59.jar;C:\Users\Itachi_Uchiha\.m2\repository\net\bytebuddy\byte-buddy\1.8.15\byte-buddy-1.8.15.jar;C:\Users\Itachi_Uchiha\.m2\repository\org\apache\commons\commons-exec\1.3\commons-exec-1.3.jar;C:\Users\Itachi_Uchiha\.m2\repository\com\google\guava\guava\25.0-jre\guava-25.0-jre.jar;C:\Users\Itachi_Uchiha\.m2\repository\com\google\code\findbugs\jsr305\1.3.9\jsr305-1.3.9.jar;C:\Users\Itachi_Uchiha\.m2\repository\org\checkerframework\checker-compat-qual\2.0.0\checker-compat-qual-2.0.0.jar;C:\Users\Itachi_Uchiha\.m2\repository\com\google\errorprone\error_prone_annotations\2.1.3\error_prone_annotations-2.1.3.jar;C:\Users\Itachi_Uchiha\.m2\repository\com\google\j2objc\j2objc-annotations\1.1\j2objc-annotations-1.1.jar;C:\Users\Itachi_Uchiha\.m2\repository\org\codehaus\mojo\animal-sniffer-annotations\1.14\animal-sniffer-annotations-1.14.jar;C:\Users\Itachi_Uchiha\.m2\repository\com\squareup\okhttp3\okhttp\3.11.0\okhttp-3.11.0.jar;C:\Users\Itachi_Uchiha\.m2\repository\com\squareup\okio\okio\1.14.0\okio-1.14.0.jar;C:\Users\Itachi_Uchiha\.m2\repository\commons-io\commons-io\2.8.0\commons-io-2.8.0.jar;C:\Users\Itachi_Uchiha\.m2\repository\info\cukes\cucumber-junit\1.2.5\cucumber-junit-1.2.5.jar;C:\Users\Itachi_Uchiha\.m2\repository\info\cukes\cucumber-java\1.2.5\cucumber-java-1.2.5.jar;C:\Users\Itachi_Uchiha\.m2\repository\info\cukes\cucumber-core\1.2.5\cucumber-core-1.2.5.jar;C:\Users\Itachi_Uchiha\.m2\repository\info\cukes\cucumber-html\0.2.3\cucumber-html-0.2.3.jar;C:\Users\Itachi_Uchiha\.m2\repository\info\cukes\cucumber-jvm-deps\1.0.5\cucumber-jvm-deps-1.0.5.jar;C:\Users\Itachi_Uchiha\.m2\repository\info\cukes\gherkin\2.12.2\gherkin-2.12.2.jar;C:\Users\Itachi_Uchiha\.m2\repository\com\vimalselvam\cucumber-extentsreport\3.0.2\cucumber-extentsreport-3.0.2.jar;C:\Users\Itachi_Uchiha\.m2\repository\com\aventstack\extentreports\3.1.2\extentreports-3.1.2.jar;C:\Users\Itachi_Uchiha\.m2\repository\org\freemarker\freemarker\2.3.23\freemarker-2.3.23.jar;C:\Users\Itachi_Uchiha\.m2\repository\org\mongodb\mongodb-driver\3.3.0\mongodb-driver-3.3.0.jar;C:\Users\Itachi_Uchiha\.m2\repository\org\mongodb\bson\3.3.0\bson-3.3.0.jar;C:\Users\Itachi_Uchiha\.m2\repository\org\mongodb\mongodb-driver-core\3.3.0\mongodb-driver-core-3.3.0.jar;C:\Users\Itachi_Uchiha\.m2\repository\org\apache\httpcomponents\httpclient\4.5.2\httpclient-4.5.2.jar;C:\Users\Itachi_Uchiha\.m2\repository\org\apache\httpcomponents\httpcore\4.4.4\httpcore-4.4.4.jar;C:\Users\Itachi_Uchiha\.m2\repository\commons-logging\commons-logging\1.2\commons-logging-1.2.jar;C:\Users\Itachi_Uchiha\.m2\repository\commons-codec\commons-codec\1.9\commons-codec-1.9.jar;C:\Users\Itachi_Uchiha\.m2\repository\org\apache\httpcomponents\httpmime\4.5.2\httpmime-4.5.2.jar;C:\Users\Itachi_Uchiha\.m2\repository\org\jsoup\jsoup\1.9.2\jsoup-1.9.2.jar;C:\Users\Itachi_Uchiha\.m2\repository\com\google\code\gson\gson\2.8.0\gson-2.8.0.jar;"/>
    <property name="sun.cpu.endian" value="little"/>
    <property name="user.home" value="C:\Users\Itachi_Uchiha"/>
    <property name="user.language" value="en"/>
    <property name="java.specification.vendor" value="Oracle Corporation"/>
    <property name="java.home" value="C:\Program Files\Java\jre1.8.0_231"/>
    <property name="basedir" value="C:\Eclipse\Demo\Adactin_Fasttrack"/>
    <property name="file.separator" value="\"/>
    <property name="line.separator" value="&#10;"/>
    <property name="java.vm.specification.vendor" value="Oracle Corporation"/>
    <property name="java.specification.name" value="Java Platform API Specification"/>
    <property name="java.awt.graphicsenv" value="sun.awt.Win32GraphicsEnvironment"/>
    <property name="surefire.real.class.path" value="C:\Users\ITACHI~1\AppData\Local\Temp\surefire1262395460836835445\surefirebooter3417827902952791981.jar"/>
    <property name="sun.boot.class.path" value="C:\Program Files\Java\jre1.8.0_231\lib\resources.jar;C:\Program Files\Java\jre1.8.0_231\lib\rt.jar;C:\Program Files\Java\jre1.8.0_231\lib\sunrsasign.jar;C:\Program Files\Java\jre1.8.0_231\lib\jsse.jar;C:\Program Files\Java\jre1.8.0_231\lib\jce.jar;C:\Program Files\Java\jre1.8.0_231\lib\charsets.jar;C:\Program Files\Java\jre1.8.0_231\lib\jfr.jar;C:\Program Files\Java\jre1.8.0_231\classes"/>
    <property name="user.script" value=""/>
    <property name="sun.management.compiler" value="HotSpot 64-Bit Tiered Compilers"/>
    <property name="java.runtime.version" value="1.8.0_231-b11"/>
    <property name="user.name" value="Itachi_Uchiha"/>
    <property name="path.separator" value=";"/>
    <property name="os.version" value="10.0"/>
    <property name="java.endorsed.dirs" value="C:\Program Files\Java\jre1.8.0_231\lib\endorsed"/>
    <property name="java.runtime.name" value="Java(TM) SE Runtime Environment"/>
    <property name="file.encoding" value="Cp1252"/>
    <property name="java.vm.name" value="Java HotSpot(TM) 64-Bit Server VM"/>
    <property name="localRepository" value="C:\Users\Itachi_Uchiha\.m2\repository"/>
    <property name="java.vendor.url.bug" value="http://bugreport.sun.com/bugreport/"/>
    <property name="java.io.tmpdir" value="C:\Users\ITACHI~1\AppData\Local\Temp\"/>
    <property name="java.version" value="1.8.0_231"/>
    <property name="user.dir" value="C:\Eclipse\Demo\Adactin_Fasttrack"/>
    <property name="os.arch" value="amd64"/>
    <property name="java.vm.specification.name" value="Java Virtual Machine Specification"/>
    <property name="java.awt.printerjob" value="sun.awt.windows.WPrinterJob"/>
    <property name="sun.os.patch.level" value=""/>
    <property name="java.library.path" value="C:\Program Files\Java\jre1.8.0_231\bin;C:\WINDOWS\Sun\Java\bin;C:\WINDOWS\system32;C:\WINDOWS;C:/Program Files/Java/jre1.8.0_231/bin/server;C:/Program Files/Java/jre1.8.0_231/bin;C:/Program Files/Java/jre1.8.0_231/lib/amd64;C:\Program Files (x86)\VMware\VMware Player\bin\;C:\Program Files (x86)\Common Files\Oracle\Java\javapath;C:\WINDOWS\system32;C:\WINDOWS;C:\WINDOWS\System32\Wbem;C:\WINDOWS\System32\WindowsPowerShell\v1.0\;C:\WINDOWS\System32\OpenSSH\;C:\Program Files\Java\jdk1.8.0_231\bin;C:\apache-maven-3.6.3-bin\apache-maven-3.6.3\bin;C:\Program Files\Microsoft SQL Server\Client SDK\ODBC\170\Tools\Binn\;C:\Program Files (x86)\Microsoft SQL Server\150\Tools\Binn\;C:\Program Files\Microsoft SQL Server\150\Tools\Binn\;C:\Program Files\Microsoft SQL Server\150\DTS\Binn\;C:\Program Files\Docker\Docker\resources\bin;C:\ProgramData\DockerDesktop\version-bin;C:\Program Files\Git\cmd;C:\Users\Itachi_Uchiha\AppData\Local\Microsoft\WindowsApps;;C:\Users\Itachi_Uchiha\Downloads\eclipse;;."/>
    <property name="java.vm.info" value="mixed mode"/>
    <property name="java.vendor" value="Oracle Corporation"/>
    <property name="java.vm.version" value="25.231-b11"/>
    <property name="java.ext.dirs" value="C:\Program Files\Java\jre1.8.0_231\lib\ext;C:\WINDOWS\Sun\Java\lib\ext"/>
    <property name="sun.io.unicode.encoding" value="UnicodeLittle"/>
    <property name="java.class.version" value="52.0"/>
  </properties>
  <testcase name="Given User Launch The Adactin Application" classname="| AAA | 1323 |" time="0.016">
    <error type="java.lang.NullPointerException">java.lang.NullPointerException
</error>
    <system-err><![CDATA[Starting ChromeDriver 91.0.4472.19 (1bf021f248676a0b2ab3ee0561d83a59e424c23e-refs/branch-heads/4472@{#288}) on port 3907
Only local connections are allowed.
Please see https://chromedriver.chromium.org/security-considerations for suggestions on keeping ChromeDriver safe.
ChromeDriver was started successfully.
Starting ChromeDriver 89.0.4389.23 (61b08ee2c50024bab004e48d2b1b083cdbdac579-refs/branch-heads/4389@{#294}) on port 9515
Only local connections are allowed.
Please see https://chromedriver.chromium.org/security-considerations for suggestions on keeping ChromeDriver safe.
Invalid --log-level value.
Unable to initialize logging. Exiting...
org.openqa.selenium.WebDriverException: unknown error: Chrome failed to start: was killed.
  (unknown error: DevToolsActivePort file doesn't exist)
  (The process started from chrome location C:\Eclipse\Demo\Adactin_Fasttrack\Driver\chrome.exe is no longer running, so ChromeDriver is assuming that Chrome has crashed.)
Build info: version: '3.141.59', revision: 'e82be7d358', time: '2018-11-14T08:17:03'
System info: host: 'LENOVO', ip: '192.168.56.1', os.name: 'Windows 10', os.arch: 'amd64', os.version: '10.0', java.version: '1.8.0_231'
Driver info: driver.version: ChromeDriver
remote stacktrace: Backtrace:
	Ordinal0 [0x00872DB3+2502067]
	Ordinal0 [0x0080C5B1+2082225]
	Ordinal0 [0x00712498+1057944]
	Ordinal0 [0x0072C84F+1165391]
	Ordinal0 [0x00729C73+1154163]
	Ordinal0 [0x00759A22+1350178]
	Ordinal0 [0x0075967A+1349242]
	Ordinal0 [0x00755BEB+1334251]
	Ordinal0 [0x00732174+1188212]
	Ordinal0 [0x00733009+1191945]
	GetHandleVerifier [0x009EEC5C+1511084]
	GetHandleVerifier [0x00A98522+2205554]
	GetHandleVerifier [0x008F3393+480739]
	GetHandleVerifier [0x008F2579+477129]
	Ordinal0 [0x00811E5D+2104925]
	Ordinal0 [0x008163F8+2122744]
	Ordinal0 [0x00816537+2123063]
	Ordinal0 [0x0081EE53+2158163]
	BaseThreadInitThunk [0x7681FA29+25]
	RtlGetAppContainerNamedObjectPath [0x77BB7A9E+286]
	RtlGetAppContainerNamedObjectPath [0x77BB7A6E+238]

	at sun.reflect.NativeConstructorAccessorImpl.newInstance0(Native Method)
	at sun.reflect.NativeConstructorAccessorImpl.newInstance(Unknown Source)
	at sun.reflect.DelegatingConstructorAccessorImpl.newInstance(Unknown Source)
	at java.lang.reflect.Constructor.newInstance(Unknown Source)
	at org.openqa.selenium.remote.W3CHandshakeResponse.lambda$errorHandler$0(W3CHandshakeResponse.java:62)
	at org.openqa.selenium.remote.HandshakeResponse.lambda$getResponseFunction$0(HandshakeResponse.java:30)
	at org.openqa.selenium.remote.ProtocolHandshake.lambda$createSession$0(ProtocolHandshake.java:126)
	at java.util.stream.ReferencePipeline$3$1.accept(Unknown Source)
	at java.util.Spliterators$ArraySpliterator.tryAdvance(Unknown Source)
	at java.util.stream.ReferencePipeline.forEachWithCancel(Unknown Source)
	at java.util.stream.AbstractPipeline.copyIntoWithCancel(Unknown Source)
	at java.util.stream.AbstractPipeline.copyInto(Unknown Source)
	at java.util.stream.AbstractPipeline.wrapAndCopyInto(Unknown Source)
	at java.util.stream.FindOps$FindOp.evaluateSequential(Unknown Source)
	at java.util.stream.AbstractPipeline.evaluate(Unknown Source)
	at java.util.stream.ReferencePipeline.findFirst(Unknown Source)
	at org.openqa.selenium.remote.ProtocolHandshake.createSession(ProtocolHandshake.java:128)
	at org.openqa.selenium.remote.ProtocolHandshake.createSession(ProtocolHandshake.java:74)
	at org.openqa.selenium.remote.HttpCommandExecutor.execute(HttpCommandExecutor.java:136)
	at org.openqa.selenium.remote.service.DriverCommandExecutor.execute(DriverCommandExecutor.java:83)
	at org.openqa.selenium.remote.RemoteWebDriver.execute(RemoteWebDriver.java:552)
	at org.openqa.selenium.remote.RemoteWebDriver.startSession(RemoteWebDriver.java:213)
	at org.openqa.selenium.remote.RemoteWebDriver.<init>(RemoteWebDriver.java:131)
	at org.openqa.selenium.chrome.ChromeDriver.<init>(ChromeDriver.java:181)
	at org.openqa.selenium.chrome.ChromeDriver.<init>(ChromeDriver.java:168)
	at org.openqa.selenium.chrome.ChromeDriver.<init>(ChromeDriver.java:123)
	at com.adactinsite.baseclass.BaseClass.getDriver(BaseClass.java:40)
	at com.adactin.runner.Runner.setUp(Runner.java:34)
	at sun.reflect.NativeMethodAccessorImpl.invoke0(Native Method)
	at sun.reflect.NativeMethodAccessorImpl.invoke(Unknown Source)
	at sun.reflect.DelegatingMethodAccessorImpl.invoke(Unknown Source)
	at java.lang.reflect.Method.invoke(Unknown Source)
	at org.junit.runners.model.FrameworkMethod$1.runReflectiveCall(FrameworkMethod.java:50)
	at org.junit.internal.runners.model.ReflectiveCallable.run(ReflectiveCallable.java:12)
	at org.junit.runners.model.FrameworkMethod.invokeExplosively(FrameworkMethod.java:47)
	at org.junit.internal.runners.statements.RunBefores.evaluate(RunBefores.java:24)
	at org.junit.internal.runners.statements.RunAfters.evaluate(RunAfters.java:27)
	at org.junit.runners.ParentRunner.run(ParentRunner.java:363)
	at cucumber.api.junit.Cucumber.run(Cucumber.java:100)
	at org.apache.maven.surefire.junit4.JUnit4Provider.execute(JUnit4Provider.java:365)
	at org.apache.maven.surefire.junit4.JUnit4Provider.executeWithRerun(JUnit4Provider.java:273)
	at org.apache.maven.surefire.junit4.JUnit4Provider.executeTestSet(JUnit4Provider.java:238)
	at org.apache.maven.surefire.junit4.JUnit4Provider.invoke(JUnit4Provider.java:159)
	at org.apache.maven.surefire.booter.ForkedBooter.invokeProviderInSameClassLoader(ForkedBooter.java:384)
	at org.apache.maven.surefire.booter.ForkedBooter.runSuitesInProcess(ForkedBooter.java:345)
	at org.apache.maven.surefire.booter.ForkedBooter.execute(ForkedBooter.java:126)
	at org.apache.maven.surefire.booter.ForkedBooter.main(ForkedBooter.java:418)
]]></system-err>
  </testcase>
  <testcase name="| AAA | 1323 |" classname="| AAA | 1323 |" time="0.047">
    <error type="java.lang.NullPointerException">java.lang.NullPointerException
</error>
  </testcase>
  <testcase name="When User Enter The &quot;AAA&quot;  In UserName" classname="| AAA | 1323 |" time="0">
    <skipped/>
  </testcase>
  <testcase name="And User Enter The &quot;1323&quot;  In PassWord" classname="| AAA | 1323 |" time="0">
    <skipped/>
  </testcase>
  <testcase name="Then Click The Login Button And It Navigates To The Search Hotel Page" classname="| AAA | 1323 |" time="0">
    <skipped/>
  </testcase>
  <testcase name="Given User Launch The Adactin Application" classname="| BBB | 234 |" time="0">
    <error type="java.lang.NullPointerException">java.lang.NullPointerException
</error>
  </testcase>
  <testcase name="| BBB | 234 |" classname="| BBB | 234 |" time="0">
    <error type="java.lang.NullPointerException">java.lang.NullPointerException
</error>
  </testcase>
  <testcase name="When User Enter The &quot;BBB&quot;  In UserName" classname="| BBB | 234 |" time="0">
    <skipped/>
  </testcase>
  <testcase name="And User Enter The &quot;234&quot;  In PassWord" classname="| BBB | 234 |" time="0">
    <skipped/>
  </testcase>
  <testcase name="Then Click The Login Button And It Navigates To The Search Hotel Page" classname="| BBB | 234 |" time="0">
    <skipped/>
  </testcase>
  <testcase name="Given User Launch The Adactin Application" classname="| SuriyaVeeran17 | Music17 |" time="0">
    <error type="java.lang.NullPointerException">java.lang.NullPointerException
</error>
  </testcase>
  <testcase name="| SuriyaVeeran17 | Music17 |" classname="| SuriyaVeeran17 | Music17 |" time="0">
    <error type="java.lang.NullPointerException">java.lang.NullPointerException
</error>
  </testcase>
  <testcase name="When User Enter The &quot;SuriyaVeeran17&quot;  In UserName" classname="| SuriyaVeeran17 | Music17 |" time="0">
    <skipped/>
  </testcase>
  <testcase name="And User Enter The &quot;Music17&quot;  In PassWord" classname="| SuriyaVeeran17 | Music17 |" time="0">
    <skipped/>
  </testcase>
  <testcase name="Then Click The Login Button And It Navigates To The Search Hotel Page" classname="| SuriyaVeeran17 | Music17 |" time="0">
    <skipped/>
  </testcase>
  <testcase name="When User Select The Location" classname="Scenario: User Search And Select The Room And Details In The Select Hotel Page" time="0"/>
  <testcase name="And User Select The Hotel" classname="Scenario: User Search And Select The Room And Details In The Select Hotel Page" time="0"/>
  <testcase name="And User Select The Room Type" classname="Scenario: User Search And Select The Room And Details In The Select Hotel Page" time="0"/>
  <testcase name="And User Select The Number Of Rooms" classname="Scenario: User Search And Select The Room And Details In The Select Hotel Page" time="0"/>
  <testcase name="And User Select The Check In Date" classname="Scenario: User Search And Select The Room And Details In The Select Hotel Page" time="0">
    <error type="java.lang.NullPointerException">java.lang.NullPointerException
</error>
  </testcase>
  <testcase name="Scenario: User Search And Select The Room And Details In The Select Hotel Page" classname="Scenario: User Search And Select The Room And Details In The Select Hotel Page" time="0">
    <error type="java.lang.NullPointerException">java.lang.NullPointerException
</error>
  </testcase>
  <testcase name="And User Select The Check Out Date" classname="Scenario: User Search And Select The Room And Details In The Select Hotel Page" time="0">
    <skipped/>
  </testcase>
  <testcase name="And User Select The Adults Per Room" classname="Scenario: User Search And Select The Room And Details In The Select Hotel Page" time="0">
    <skipped/>
  </testcase>
  <testcase name="And User Select The Children Per Room" classname="Scenario: User Search And Select The Room And Details In The Select Hotel Page" time="0">
    <skipped/>
  </testcase>
  <testcase name="Then User Click The Search Button It Navigates To The Select Hotel Page" classname="Scenario: User Search And Select The Room And Details In The Select Hotel Page" time="0">
    <skipped/>
  </testcase>
  <testcase name="When User Click The Select Button" classname="Scenario: User Confirm The Room In Search Hotel page" time="0"/>
  <testcase name="Then User Click The Continue Button It Navigates To The Book A Hotel Page" classname="Scenario: User Confirm The Room In Search Hotel page" time="0"/>
  <testcase name="Scenario: User Confirm The Room In Search Hotel page" classname="Scenario: User Confirm The Room In Search Hotel page" time="0"/>
  <testcase name="When User Enter The Valid First Name" classname="Scenario: User Book The Room And Payment Details In Search Hotel page" time="0"/>
  <testcase name="And User Enter The Valid Last Name" classname="Scenario: User Book The Room And Payment Details In Search Hotel page" time="0"/>
  <testcase name="And User Enter The Billing Address" classname="Scenario: User Book The Room And Payment Details In Search Hotel page" time="0"/>
  <testcase name="And User Enter The Valid Credit Card Number" classname="Scenario: User Book The Room And Payment Details In Search Hotel page" time="0"/>
  <testcase name="And User Choose The Credit Card Type" classname="Scenario: User Book The Room And Payment Details In Search Hotel page" time="0"/>
  <testcase name="And User Select The Select Month In The Expiry Date Box" classname="Scenario: User Book The Room And Payment Details In Search Hotel page" time="0"/>
  <testcase name="And User Select The Select Year In The Expiry Date Box" classname="Scenario: User Book The Room And Payment Details In Search Hotel page" time="0"/>
  <testcase name="And User Enter The CVV Number" classname="Scenario: User Book The Room And Payment Details In Search Hotel page" time="0"/>
  <testcase name="Then User Click The Book Now Button It Navigates To The Booking Confirmation Page" classname="Scenario: User Book The Room And Payment Details In Search Hotel page" time="0"/>
  <testcase name="Scenario: User Book The Room And Payment Details In Search Hotel page" classname="Scenario: User Book The Room And Payment Details In Search Hotel page" time="0"/>
  <testcase name="Then User Click The Logout Button" classname="Scenario: User LogOut In The My Itinerary Page" time="0">
    <skipped/>
  </testcase>
  <testcase name="Scenario: User LogOut In The My Itinerary Page" classname="Scenario: User LogOut In The My Itinerary Page" time="0">
    <skipped/>
  </testcase>
  <testcase name="Scenario: User LogOut In The My Itinerary Page" classname="Scenario: User LogOut In The My Itinerary Page" time="0"/>
  <testcase name="com.adactin.runner.Runner" classname="com.adactin.runner.Runner" time="0">
    <error type="java.lang.NullPointerException">java.lang.NullPointerException
	at com.adactin.runner.Runner.teardown(Runner.java:41)
</error>
  </testcase>
</testsuite>